#
# A fatal error has been detected by the Java Runtime Environment:
#
#  EXCEPTION_ACCESS_VIOLATION (0xc0000005) at pc=0x00000000687ca2a8, pid=1896, tid=0x000000000000180c
#
# JRE version: Java(TM) SE Runtime Environment (8.0_102-b14) (build 1.8.0_102-b14)
# Java VM: Java HotSpot(TM) 64-Bit Server VM (25.102-b14 mixed mode windows-amd64 compressed oops)
# Problematic frame:
# V  [jvm.dll+0x13a2a8]
#
# Failed to write core dump. Minidumps are not enabled by default on client versions of Windows
#
# If you would like to submit a bug report, please visit:
#   http://bugreport.java.com/bugreport/crash.jsp
#

---------------  T H R E A D  ---------------

Current thread (0x00000000024a6800):  GCTaskThread [stack: 0x0000000012000000,0x0000000012100000] [id=6156]

siginfo: ExceptionCode=0xc0000005, reading address 0xffffffffffffffff

Registers:
RAX=0x0000000012800000, RBX=0x0000000000000040, RCX=0x0000000000000000, RDX=0x000000000000003a
RSP=0x00000000120ffa90, RBP=0x00000000025825a0, RSI=0x00000000817fc7a0, RDI=0x00000000017fc7d0
R8 =0x007fffffffc05fe3, R9 =0x00000000025825a0, R10=0x0000000000000040, R11=0x00000000817fc7f0
R12=0x00000000817fc7b0, R13=0x0000000000000008, R14=0x00000000817fc780, R15=0x0000000000000008
RIP=0x00000000687ca2a8, EFLAGS=0x0000000000010206

Top of Stack: (sp=0x00000000120ffa90)
0x00000000120ffa90:   0000000017f3f240 00000000687a4596
0x00000000120ffaa0:   00000000817fc780 00000000817fc774
0x00000000120ffab0:   00000000025825a0 00000000687ca3c3
0x00000000120ffac0:   0000000000000000 00000000024a6fa0
0x00000000120ffad0:   000000000249fcc0 0000000000000000
0x00000000120ffae0:   0000000000000040 0000000068a86d40
0x00000000120ffaf0:   00000000025825a0 0000000000000000
0x00000000120ffb00:   0000000068ce2008 0000000068ce2008
0x00000000120ffb10:   00000000817a9f38 0000000068a8ae48
0x00000000120ffb20:   0000000068eaa6c0 0000000000000003
0x00000000120ffb30:   0000000000000000 000000000249fcc0
0x00000000120ffb40:   00000000817a4464 00000000687a4596
0x00000000120ffb50:   00000000817a9f38 000000000249fcc0
0x00000000120ffb60:   00000000024a6fb0 00000000024a6fa0
0x00000000120ffb70:   0000000068ce2008 0000000000000000
0x00000000120ffb80:   000000001f0c26b0 0000000000000000 

Instructions: (pc=0x00000000687ca2a8)
0x00000000687ca288:   05 33 04 6e 00 49 c1 e8 03 49 d3 e8 41 0f b6 c0
0x00000000687ca298:   49 c1 e8 06 24 3f 0f b6 d0 48 8b 05 48 04 6e 00
0x00000000687ca2a8:   4a 8b 0c c0 48 0f a3 d1 72 3e 48 8b cf e8 d6 08
0x00000000687ca2b8:   fd ff 84 c0 74 32 48 8b d7 48 8b cd e8 a7 d7 fc 


Register to memory mapping:

RAX=0x0000000012800000 is an unknown value
RBX=0x0000000000000040 is an unknown value
RCX=0x0000000000000000 is an unknown value
RDX=0x000000000000003a is an unknown value
RSP=0x00000000120ffa90 is an unknown value
RBP=0x00000000025825a0 is an unknown value
RSI=0x00000000817fc7a0 is pointing into object: 0x00000000817fc780
[Ljava.util.HashMap$Node; 
 - klass: 'java/util/HashMap$Node'[]
 - length: 8
RDI=0x00000000017fc7d0 is an unknown value
R8 =0x007fffffffc05fe3 is an unknown value
R9 =0x00000000025825a0 is an unknown value
R10=0x0000000000000040 is an unknown value
R11=0x00000000817fc7f0 is an oop
java.util.HashMap$Node 
 - klass: 'java/util/HashMap$Node'
R12=0x00000000817fc7b0 is an oop
java.util.HashMap$Node 
 - klass: 'java/util/HashMap$Node'
R13=0x0000000000000008 is an unknown value
R14=0x00000000817fc780 is an oop
[Ljava.util.HashMap$Node; 
 - klass: 'java/util/HashMap$Node'[]
 - length: 8
R15=0x0000000000000008 is an unknown value


Stack: [0x0000000012000000,0x0000000012100000],  sp=0x00000000120ffa90,  free space=1022k
Native frames: (J=compiled Java code, j=interpreted, Vv=VM code, C=native code)
V  [jvm.dll+0x13a2a8]
V  [jvm.dll+0x3f6d40]
V  [jvm.dll+0x3f472f]
V  [jvm.dll+0x3f1bce]
V  [jvm.dll+0x29c03a]
C  [msvcr100.dll+0x21d7b]
C  [msvcr100.dll+0x21e17]
C  [KERNEL32.DLL+0x12d92]
C  [ntdll.dll+0x9f64]


---------------  P R O C E S S  ---------------

Java Threads: ( => current thread )
  0x00000000195a6000 JavaThread "Monitor Ctrl-Break" daemon [_thread_in_native, id=3460, stack(0x000000001a290000,0x000000001a390000)]
  0x00000000194ba000 JavaThread "Service Thread" daemon [_thread_blocked, id=8120, stack(0x000000001a050000,0x000000001a150000)]
  0x000000001949a800 JavaThread "C1 CompilerThread3" daemon [_thread_blocked, id=6752, stack(0x0000000019f50000,0x000000001a050000)]
  0x0000000019496000 JavaThread "C2 CompilerThread2" daemon [_thread_blocked, id=8516, stack(0x0000000019e50000,0x0000000019f50000)]
  0x0000000019492800 JavaThread "C2 CompilerThread1" daemon [_thread_in_native, id=4268, stack(0x0000000019d50000,0x0000000019e50000)]
  0x0000000019490800 JavaThread "C2 CompilerThread0" daemon [_thread_blocked, id=2872, stack(0x0000000019c50000,0x0000000019d50000)]
  0x000000001948d000 JavaThread "Attach Listener" daemon [_thread_blocked, id=7132, stack(0x0000000019b50000,0x0000000019c50000)]
  0x000000001948c000 JavaThread "Signal Dispatcher" daemon [_thread_blocked, id=6412, stack(0x0000000019a50000,0x0000000019b50000)]
  0x000000000258e800 JavaThread "Finalizer" daemon [_thread_blocked, id=7864, stack(0x0000000019860000,0x0000000019960000)]
  0x000000001758d800 JavaThread "Reference Handler" daemon [_thread_blocked, id=7900, stack(0x0000000019360000,0x0000000019460000)]
  0x0000000002490800 JavaThread "main" [_thread_blocked, id=7280, stack(0x0000000002360000,0x0000000002460000)]

Other Threads:
  0x0000000017589000 VMThread [stack: 0x0000000019260000,0x0000000019360000] [id=6832]
  0x000000001954a000 WatcherThread [stack: 0x000000001a150000,0x000000001a250000] [id=6700]

=>0x00000000024a6800 (exited) GCTaskThread [stack: 0x0000000012000000,0x0000000012100000] [id=6156]

VM state:at safepoint (normal execution)

VM Mutex/Monitor currently owned by a thread:  ([mutex/lock_event])
[0x0000000000bdbeb0] Threads_lock - owner thread: 0x0000000017589000
[0x0000000000bdd8c0] Heap_lock - owner thread: 0x0000000002490800

Heap:
 PSYoungGen      total 144384K, used 8925K [0x00000000d5980000, 0x00000000df280000, 0x0000000100000000)
  eden space 132096K, 0% used [0x00000000d5980000,0x00000000d5980000,0x00000000dda80000)
  from space 12288K, 72% used [0x00000000dda80000,0x00000000de3377b0,0x00000000de680000)
  to   space 11776K, 0% used [0x00000000de700000,0x00000000de700000,0x00000000df280000)
 ParOldGen       total 87552K, used 16123K [0x0000000080c00000, 0x0000000086180000, 0x00000000d5980000)
  object space 87552K, 18% used [0x0000000080c00000,0x0000000081bbef98,0x0000000086180000)
 Metaspace       used 19804K, capacity 20308K, committed 20480K, reserved 1067008K
  class space    used 2351K, capacity 2522K, committed 2560K, reserved 1048576K

Card table byte_map: [0x0000000011950000,0x0000000011d50000] byte_map_base: 0x000000001154a000

Marking Bits: (ParMarkBitMap*) 0x0000000068eaa6c0
 Begin Bits: [0x0000000012800000, 0x00000000147d0000)
 End Bits:   [0x00000000147d0000, 0x00000000167a0000)

Polling page: 0x0000000000710000

CodeCache: size=245760Kb used=14390Kb max_used=14404Kb free=231369Kb
 bounds [0x0000000002590000, 0x00000000033b0000, 0x0000000011590000]
 total_blobs=4289 nmethods=3934 adapters=267
 compilation: enabled

Compilation events (10 events):
Event: 4.244 Thread 0x0000000019496000 

Event: 4.331 Thread 0x000000001949a800 3952       3       sun.nio.cs.StreamEncoder::ensureOpen (18 bytes)
Event: 4.331 Thread 0x000000001949a800 nmethod 3952 0x0000000002690d50 code [0x0000000002690ec0, 0x0000000002691108]
Event: 4.331 Thread 0x000000001949a800 3953   !   3       java.nio.charset.CharsetEncoder::encode (285 bytes)
Event: 4.333 Thread 0x000000001949a800 nmethod 3953 0x00000000033adbd0 code [0x00000000033adea0, 0x00000000033af498]
Event: 4.333 Thread 0x000000001949a800 3954       3       sun.nio.cs.UTF_8$Encoder::encodeLoop (28 bytes)
Event: 4.333 Thread 0x000000001949a800 nmethod 3954 0x00000000033ad390 code [0x00000000033ad520, 0x00000000033ada58]
Event: 4.336 Thread 0x000000001949a800 3955       3       java.io.OutputStreamWriter::write (11 bytes)
Event: 4.337 Thread 0x000000001949a800 nmethod 3955 0x00000000026a0d50 code [0x00000000026a0ec0, 0x00000000026a1068]
Event: 4.342 Thread 0x000000001949a800 3956       3       java.io.Writer::write (11 bytes)

GC Heap History (10 events):
Event: 1.422 GC heap after
Heap after GC invocations=3 (full 0):
 PSYoungGen      total 38400K, used 5093K [0x00000000d5980000, 0x00000000da480000, 0x0000000100000000)
  eden space 33280K, 0% used [0x00000000d5980000,0x00000000d5980000,0x00000000d7a00000)
  from space 5120K, 99% used [0x00000000d7a00000,0x00000000d7ef9608,0x00000000d7f00000)
  to   space 5120K, 0% used [0x00000000d9f80000,0x00000000d9f80000,0x00000000da480000)
 ParOldGen       total 87552K, used 6199K [0x0000000080c00000, 0x0000000086180000, 0x00000000d5980000)
  object space 87552K, 7% used [0x0000000080c00000,0x000000008120def0,0x0000000086180000)
 Metaspace       used 15057K, capacity 15328K, committed 15616K, reserved 1062912K
  class space    used 1837K, capacity 1941K, committed 2048K, reserved 1048576K
}
Event: 1.713 GC heap before
{Heap before GC invocations=4 (full 0):
 PSYoungGen      total 38400K, used 38373K [0x00000000d5980000, 0x00000000da480000, 0x0000000100000000)
  eden space 33280K, 100% used [0x00000000d5980000,0x00000000d7a00000,0x00000000d7a00000)
  from space 5120K, 99% used [0x00000000d7a00000,0x00000000d7ef9608,0x00000000d7f00000)
  to   space 5120K, 0% used [0x00000000d9f80000,0x00000000d9f80000,0x00000000da480000)
 ParOldGen       total 87552K, used 6199K [0x0000000080c00000, 0x0000000086180000, 0x00000000d5980000)
  object space 87552K, 7% used [0x0000000080c00000,0x000000008120def0,0x0000000086180000)
 Metaspace       used 15311K, capacity 15590K, committed 15872K, reserved 1062912K
  class space    used 1850K, capacity 1942K, committed 2048K, reserved 1048576K
Event: 1.720 GC heap after
Heap after GC invocations=4 (full 0):
 PSYoungGen      total 71680K, used 5104K [0x00000000d5980000, 0x00000000da480000, 0x0000000100000000)
  eden space 66560K, 0% used [0x00000000d5980000,0x00000000d5980000,0x00000000d9a80000)
  from space 5120K, 99% used [0x00000000d9f80000,0x00000000da47c030,0x00000000da480000)
  to   space 5120K, 0% used [0x00000000d9a80000,0x00000000d9a80000,0x00000000d9f80000)
 ParOldGen       total 87552K, used 9494K [0x0000000080c00000, 0x0000000086180000, 0x00000000d5980000)
  object space 87552K, 10% used [0x0000000080c00000,0x0000000081545938,0x0000000086180000)
 Metaspace       used 15311K, capacity 15590K, committed 15872K, reserved 1062912K
  class space    used 1850K, capacity 1942K, committed 2048K, reserved 1048576K
}
Event: 2.546 GC heap before
{Heap before GC invocations=5 (full 0):
 PSYoungGen      total 71680K, used 71664K [0x00000000d5980000, 0x00000000da480000, 0x0000000100000000)
  eden space 66560K, 100% used [0x00000000d5980000,0x00000000d9a80000,0x00000000d9a80000)
  from space 5120K, 99% used [0x00000000d9f80000,0x00000000da47c030,0x00000000da480000)
  to   space 5120K, 0% used [0x00000000d9a80000,0x00000000d9a80000,0x00000000d9f80000)
 ParOldGen       total 87552K, used 9494K [0x0000000080c00000, 0x0000000086180000, 0x00000000d5980000)
  object space 87552K, 10% used [0x0000000080c00000,0x0000000081545938,0x0000000086180000)
 Metaspace       used 16899K, capacity 17248K, committed 17536K, reserved 1064960K
  class space    used 1985K, capacity 2089K, committed 2176K, reserved 1048576K
Event: 2.555 GC heap after
Heap after GC invocations=5 (full 0):
 PSYoungGen      total 71680K, used 5088K [0x00000000d5980000, 0x00000000df180000, 0x0000000100000000)
  eden space 66560K, 0% used [0x00000000d5980000,0x00000000d5980000,0x00000000d9a80000)
  from space 5120K, 99% used [0x00000000d9a80000,0x00000000d9f78020,0x00000000d9f80000)
  to   space 11264K, 0% used [0x00000000de680000,0x00000000de680000,0x00000000df180000)
 ParOldGen       total 87552K, used 14245K [0x0000000080c00000, 0x0000000086180000, 0x00000000d5980000)
  object space 87552K, 16% used [0x0000000080c00000,0x00000000819e96f8,0x0000000086180000)
 Metaspace       used 16899K, capacity 17248K, committed 17536K, reserved 1064960K
  class space    used 1985K, capacity 2089K, committed 2176K, reserved 1048576K
}
Event: 3.578 GC heap before
{Heap before GC invocations=6 (full 0):
 PSYoungGen      total 71680K, used 71648K [0x00000000d5980000, 0x00000000df180000, 0x0000000100000000)
  eden space 66560K, 100% used [0x00000000d5980000,0x00000000d9a80000,0x00000000d9a80000)
  from space 5120K, 99% used [0x00000000d9a80000,0x00000000d9f78020,0x00000000d9f80000)
  to   space 11264K, 0% used [0x00000000de680000,0x00000000de680000,0x00000000df180000)
 ParOldGen       total 87552K, used 14245K [0x0000000080c00000, 0x0000000086180000, 0x00000000d5980000)
  object space 87552K, 16% used [0x0000000080c00000,0x00000000819e96f8,0x0000000086180000)
 Metaspace       used 18472K, capacity 18948K, committed 19200K, reserved 1067008K
  class space    used 2163K, capacity 2282K, committed 2304K, reserved 1048576K
Event: 3.595 GC heap after
Heap after GC invocations=6 (full 0):
 PSYoungGen      total 143360K, used 9988K [0x00000000d5980000, 0x00000000df380000, 0x0000000100000000)
  eden space 132096K, 0% used [0x00000000d5980000,0x00000000d5980000,0x00000000dda80000)
  from space 11264K, 88% used [0x00000000de680000,0x00000000df0412a8,0x00000000df180000)
  to   space 12288K, 0% used [0x00000000dda80000,0x00000000dda80000,0x00000000de680000)
 ParOldGen       total 87552K, used 14253K [0x0000000080c00000, 0x0000000086180000, 0x00000000d5980000)
  object space 87552K, 16% used [0x0000000080c00000,0x00000000819eb6f8,0x0000000086180000)
 Metaspace       used 18472K, capacity 18948K, committed 19200K, reserved 1067008K
  class space    used 2163K, capacity 2282K, committed 2304K, reserved 1048576K
}
Event: 4.342 GC heap before
{Heap before GC invocations=7 (full 0):
 PSYoungGen      total 143360K, used 44308K [0x00000000d5980000, 0x00000000df380000, 0x0000000100000000)
  eden space 132096K, 25% used [0x00000000d5980000,0x00000000d7b03ea0,0x00000000dda80000)
  from space 11264K, 88% used [0x00000000de680000,0x00000000df0412a8,0x00000000df180000)
  to   space 12288K, 0% used [0x00000000dda80000,0x00000000dda80000,0x00000000de680000)
 ParOldGen       total 87552K, used 14253K [0x0000000080c00000, 0x0000000086180000, 0x00000000d5980000)
  object space 87552K, 16% used [0x0000000080c00000,0x00000000819eb6f8,0x0000000086180000)
 Metaspace       used 19804K, capacity 20308K, committed 20480K, reserved 1067008K
  class space    used 2351K, capacity 2522K, committed 2560K, reserved 1048576K
Event: 4.355 GC heap after
Heap after GC invocations=7 (full 0):
 PSYoungGen      total 144384K, used 8925K [0x00000000d5980000, 0x00000000df280000, 0x0000000100000000)
  eden space 132096K, 0% used [0x00000000d5980000,0x00000000d5980000,0x00000000dda80000)
  from space 12288K, 72% used [0x00000000dda80000,0x00000000de3377b0,0x00000000de680000)
  to   space 11776K, 0% used [0x00000000de700000,0x00000000de700000,0x00000000df280000)
 ParOldGen       total 87552K, used 16123K [0x0000000080c00000, 0x0000000086180000, 0x00000000d5980000)
  object space 87552K, 18% used [0x0000000080c00000,0x0000000081bbef98,0x0000000086180000)
 Metaspace       used 19804K, capacity 20308K, committed 20480K, reserved 1067008K
  class space    used 2351K, capacity 2522K, committed 2560K, reserved 1048576K
}
Event: 4.355 GC heap before
{Heap before GC invocations=8 (full 1):
 PSYoungGen      total 144384K, used 8925K [0x00000000d5980000, 0x00000000df280000, 0x0000000100000000)
  eden space 132096K, 0% used [0x00000000d5980000,0x00000000d5980000,0x00000000dda80000)
  from space 12288K, 72% used [0x00000000dda80000,0x00000000de3377b0,0x00000000de680000)
  to   space 11776K, 0% used [0x00000000de700000,0x00000000de700000,0x00000000df280000)
 ParOldGen       total 87552K, used 16123K [0x0000000080c00000, 0x0000000086180000, 0x00000000d5980000)
  object space 87552K, 18% used [0x0000000080c00000,0x0000000081bbef98,0x0000000086180000)
 Metaspace       used 19804K, capacity 20308K, committed 20480K, reserved 1067008K
  class space    used 2351K, capacity 2522K, committed 2560K, reserved 1048576K

Deoptimization events (10 events):
Event: 3.268 Thread 0x0000000002490800 Uncommon trap: reason=class_check action=maybe_recompile pc=0x0000000002d87454 method=org.codehaus.plexus.interpolation.MapBasedValueSource.getValue(Ljava/lang/String;)Ljava/lang/Object; @ 16
Event: 3.268 Thread 0x0000000002490800 Uncommon trap: reason=class_check action=maybe_recompile pc=0x0000000002d87454 method=org.codehaus.plexus.interpolation.MapBasedValueSource.getValue(Ljava/lang/String;)Ljava/lang/Object; @ 16
Event: 3.268 Thread 0x0000000002490800 Uncommon trap: reason=class_check action=maybe_recompile pc=0x0000000002d87454 method=org.codehaus.plexus.interpolation.MapBasedValueSource.getValue(Ljava/lang/String;)Ljava/lang/Object; @ 16
Event: 3.493 Thread 0x0000000002490800 Uncommon trap: reason=unstable_if action=reinterpret pc=0x0000000003070588 method=org.eclipse.aether.util.graph.transformer.ConflictResolver$State.deriveOptional(Lorg/eclipse/aether/graph/DependencyNode;Ljava/lang/Object;)Z @ 23
Event: 4.114 Thread 0x0000000002490800 Uncommon trap: reason=class_check action=maybe_recompile pc=0x000000000328c470 method=java.util.zip.InflaterInputStream.read([BII)I @ 100
Event: 4.114 Thread 0x0000000002490800 Uncommon trap: reason=class_check action=maybe_recompile pc=0x000000000328c470 method=java.util.zip.InflaterInputStream.read([BII)I @ 100
Event: 4.115 Thread 0x0000000002490800 Uncommon trap: reason=class_check action=maybe_recompile pc=0x000000000328c470 method=java.util.zip.InflaterInputStream.read([BII)I @ 100
Event: 4.115 Thread 0x0000000002490800 Uncommon trap: reason=class_check action=maybe_recompile pc=0x000000000328c470 method=java.util.zip.InflaterInputStream.read([BII)I @ 100
Event: 4.211 Thread 0x0000000002490800 Uncommon trap: reason=unstable_if action=reinterpret pc=0x0000000003055d64 method=java.util.jar.Manifest$FastInputStream.readLine([BII)I @ 87
Event: 4.314 Thread 0x0000000002490800 Uncommon trap: reason=unstable_if action=reinterpret pc=0x0000000002f57e5c method=java.util.StringTokenizer.setMaxDelimCodePoint()V @ 71

Internal exceptions (10 events):
Event: 0.918 Thread 0x0000000002490800 Exception <a 'java/lang/NoClassDefFoundError'> (0x00000000d7918bd8) thrown at [C:\re\workspace\8-2-build-windows-amd64-cygwin\jdk8u102\7268\hotspot\src\share\vm\prims\jvm.cpp, line 1390]
Event: 0.918 Thread 0x0000000002490800 Exception <a 'java/lang/NoClassDefFoundError': javax/annotation/Priority> (0x00000000d791dd88) thrown at [C:\re\workspace\8-2-build-windows-amd64-cygwin\jdk8u102\7268\hotspot\src\share\vm\classfile\systemDictionary.cpp, line 199]
Event: 1.218 Thread 0x0000000002490800 Implicit null exception at 0x0000000002b3c6c3 to 0x0000000002b3d925
Event: 1.400 Thread 0x0000000002490800 Implicit null exception at 0x0000000002c3196f to 0x0000000002c31bb1
Event: 1.424 Thread 0x0000000002490800 Implicit null exception at 0x000000000283ddd5 to 0x000000000283dfad
Event: 1.424 Thread 0x0000000002490800 Implicit null exception at 0x00000000029cd46f to 0x00000000029cd4d9
Event: 2.153 Thread 0x0000000002490800 Implicit null exception at 0x0000000002db53e8 to 0x0000000002db64e1
Event: 2.199 Thread 0x0000000002490800 Implicit null exception at 0x0000000002f1078b to 0x0000000002f13d09
Event: 2.479 Thread 0x0000000002490800 Implicit null exception at 0x0000000002f403e1 to 0x0000000002f41602
Event: 3.684 Thread 0x0000000002490800 Exception <a 'java/lang/NoClassDefFoundError': org/sonatype/aether/version/VersionConstraint> (0x00000000d61f9760) thrown at [C:\re\workspace\8-2-build-windows-amd64-cygwin\jdk8u102\7268\hotspot\src\share\vm\classfile\systemDictionary.cpp, line 199]

Events (10 events):
Event: 4.330 loading class org/apache/maven/artifact/repository/metadata/io/xpp3/MetadataXpp3Writer done
Event: 4.335 loading class org/eclipse/aether/repository/LocalMetadataRegistration
Event: 4.335 loading class org/eclipse/aether/repository/LocalMetadataRegistration done
Event: 4.340 loading class org/apache/maven/artifact/repository/metadata/SnapshotArtifactRepositoryMetadata
Event: 4.340 loading class org/apache/maven/artifact/repository/metadata/SnapshotArtifactRepositoryMetadata done
Event: 4.340 loading class org/apache/maven/artifact/repository/metadata/AbstractRepositoryMetadata
Event: 4.340 loading class org/apache/maven/artifact/repository/metadata/AbstractRepositoryMetadata done
Event: 4.341 loading class org/apache/maven/artifact/repository/metadata/ArtifactRepositoryMetadata
Event: 4.341 loading class org/apache/maven/artifact/repository/metadata/ArtifactRepositoryMetadata done
Event: 4.342 Executing VM operation: ParallelGCSystemGC


Dynamic libraries:
0x00007ff706420000 - 0x00007ff706457000 	C:\Program Files\Java\jdk1.8.0_102\bin\java.exe
0x00007ffed7120000 - 0x00007ffed72e2000 	C:\Windows\SYSTEM32\ntdll.dll
0x00007ffed66f0000 - 0x00007ffed679d000 	C:\Windows\system32\KERNEL32.DLL
0x00007ffed43d0000 - 0x00007ffed45ad000 	C:\Windows\system32\KERNELBASE.dll
0x00007ffed4b60000 - 0x00007ffed4c06000 	C:\Windows\system32\ADVAPI32.dll
0x00007ffed7010000 - 0x00007ffed70ad000 	C:\Windows\system32\msvcrt.dll
0x00007ffed4a70000 - 0x00007ffed4acb000 	C:\Windows\system32\sechost.dll
0x00007ffed65a0000 - 0x00007ffed66c6000 	C:\Windows\system32\RPCRT4.dll
0x00007ffed67a0000 - 0x00007ffed68ee000 	C:\Windows\system32\USER32.dll
0x00007ffed69a0000 - 0x00007ffed6b23000 	C:\Windows\system32\GDI32.dll
0x00007ffec5240000 - 0x00007ffec54b4000 	C:\Windows\WinSxS\amd64_microsoft.windows.common-controls_6595b64144ccf1df_6.0.10240.17184_none_f41d7a705752bce6\COMCTL32.dll
0x00007ffed6fd0000 - 0x00007ffed7006000 	C:\Windows\system32\IMM32.DLL
0x00007ffed47e0000 - 0x00007ffed493c000 	C:\Windows\system32\MSCTF.dll
0x0000000068200000 - 0x00000000682d1000 	C:\Program Files\Java\jdk1.8.0_102\jre\bin\msvcr100.dll
0x0000000068690000 - 0x0000000068f2a000 	C:\Program Files\Java\jdk1.8.0_102\jre\bin\server\jvm.dll
0x00007ffed4b50000 - 0x00007ffed4b58000 	C:\Windows\system32\PSAPI.DLL
0x00007ffed2170000 - 0x00007ffed2193000 	C:\Windows\SYSTEM32\WINMM.dll
0x00007ffed14a0000 - 0x00007ffed14aa000 	C:\Windows\SYSTEM32\VERSION.dll
0x00007ffeca320000 - 0x00007ffeca329000 	C:\Windows\SYSTEM32\WSOCK32.dll
0x00007ffed4ad0000 - 0x00007ffed4b39000 	C:\Windows\system32\WS2_32.dll
0x00007ffed2140000 - 0x00007ffed216c000 	C:\Windows\SYSTEM32\WINMMBASE.dll
0x00007ffed4b40000 - 0x00007ffed4b48000 	C:\Windows\system32\NSI.dll
0x00007ffed3be0000 - 0x00007ffed3c24000 	C:\Windows\system32\cfgmgr32.dll
0x00007ffed2420000 - 0x00007ffed2447000 	C:\Windows\SYSTEM32\DEVOBJ.dll
0x0000000068680000 - 0x000000006868f000 	C:\Program Files\Java\jdk1.8.0_102\jre\bin\verify.dll
0x0000000068650000 - 0x0000000068679000 	C:\Program Files\Java\jdk1.8.0_102\jre\bin\java.dll
0x0000000068630000 - 0x0000000068646000 	C:\Program Files\Java\jdk1.8.0_102\jre\bin\zip.dll
0x00007ffed4c10000 - 0x00007ffed6133000 	C:\Windows\system32\SHELL32.dll
0x00007ffed3cf0000 - 0x00007ffed4319000 	C:\Windows\system32\windows.storage.dll
0x00007ffed6b30000 - 0x00007ffed6dac000 	C:\Windows\system32\combase.dll
0x00007ffed6140000 - 0x00007ffed6191000 	C:\Windows\system32\shlwapi.dll
0x00007ffed3b40000 - 0x00007ffed3b4f000 	C:\Windows\system32\kernel.appcore.dll
0x00007ffed3c30000 - 0x00007ffed3ce3000 	C:\Windows\system32\shcore.dll
0x00007ffed3b70000 - 0x00007ffed3bba000 	C:\Windows\system32\powrprof.dll
0x00007ffed3b50000 - 0x00007ffed3b63000 	C:\Windows\system32\profapi.dll
0x00007ffec72f0000 - 0x00007ffec7300000 	D:\IntelliJ IDEA 2016.3.5\bin\breakgen64.dll
0x0000000068420000 - 0x000000006843a000 	C:\Program Files\Java\jdk1.8.0_102\jre\bin\net.dll
0x00007ffed3350000 - 0x00007ffed33ad000 	C:\Windows\system32\mswsock.dll
0x0000000068400000 - 0x0000000068411000 	C:\Program Files\Java\jdk1.8.0_102\jre\bin\nio.dll
0x00007ffecb2b0000 - 0x00007ffecb43a000 	C:\Windows\SYSTEM32\dbghelp.dll

VM Arguments:
jvm_args: -Dmaven.multiModuleProjectDirectory=D:\MyProjectInternetShop -Dmaven.home=D:\IntelliJ IDEA 2016.3.5\plugins\maven\lib\maven3 -Dclassworlds.conf=D:\IntelliJ IDEA 2016.3.5\plugins\maven\lib\maven3\bin\m2.conf -Didea.launcher.port=7536 -Didea.launcher.bin.path=D:\IntelliJ IDEA 2016.3.5\bin -Dfile.encoding=UTF-8 
java_command: com.intellij.rt.execution.application.AppMain org.codehaus.classworlds.Launcher -Didea.version=2016.3.5 install
java_class_path (initial): D:\IntelliJ IDEA 2016.3.5\plugins\maven\lib\maven3\boot\plexus-classworlds-2.5.2.jar;D:\IntelliJ IDEA 2016.3.5\lib\idea_rt.jar
Launcher Type: SUN_STANDARD

Environment Variables:
PATH=C:\ProgramData\Oracle\Java\javapath;C:\Windows\system32;C:\Windows;C:\Windows\System32\Wbem;C:\Windows\System32\WindowsPowerShell\v1.0\;C:\Program Files\Common Files\Autodesk Shared\;C:\Program Files (x86)\Autodesk\Backburner\;C:\Program Files (x86)\Skype\Phone\;D:\Brackets\command;C:\Program Files\MySQL\MySQL Utilities 1.6\
USERNAME=user
OS=Windows_NT
PROCESSOR_IDENTIFIER=Intel64 Family 6 Model 42 Stepping 7, GenuineIntel



---------------  S Y S T E M  ---------------

OS: Windows 10.0 , 64 bit Build 10240 (10.0.10240.17113)

CPU:total 8 (4 cores per cpu, 2 threads per core) family 6 model 42 stepping 7, cmov, cx8, fxsr, mmx, sse, sse2, sse3, ssse3, sse4.1, sse4.2, popcnt, avx, aes, clmul, ht, tsc, tscinvbit

Memory: 4k page, physical 8337768k(3773816k free), swap 10296680k(3978284k free)

vm_info: Java HotSpot(TM) 64-Bit Server VM (25.102-b14) for windows-amd64 JRE (1.8.0_102-b14), built on Jun 22 2016 13:15:21 by "java_re" with MS VC++ 10.0 (VS2010)

time: Thu Aug 17 10:23:36 2017
elapsed time: 4 seconds (0d 0h 0m 4s)

